2025-05-25 22:45:23 - masks - INFO - Executing function: "get_mask_card_number".
2025-05-25 22:45:23 - masks - INFO - Function: "get_mask_card_number" ok.
2025-05-25 22:45:23 - masks - INFO - Stoped function: "get_mask_card_number".
2025-05-25 22:45:23 - masks - INFO - Executing function: "get_mask_card_number".
2025-05-25 22:45:23 - masks - ERROR - Function: "get_mask_card_number" error: TypeError, Неверный тип данных.
2025-05-25 22:45:23 - masks - INFO - Stoped function: "get_mask_card_number".
2025-05-25 22:45:23 - masks - INFO - Executing function: "get_mask_card_number".
2025-05-25 22:45:23 - masks - ERROR - Function: "get_mask_card_number" error: TypeError, Неверный тип данных.
2025-05-25 22:45:23 - masks - INFO - Stoped function: "get_mask_card_number".
2025-05-25 22:45:23 - masks - INFO - Executing function: "get_mask_card_number".
2025-05-25 22:45:23 - masks - ERROR - Function: "get_mask_card_number" error: ValueError, Неверная длина номера карты.
2025-05-25 22:45:23 - masks - INFO - Stoped function: "get_mask_card_number".
2025-05-25 22:45:23 - masks - INFO - Executing function: "get_mask_card_number".
2025-05-25 22:45:23 - masks - ERROR - Function: "get_mask_card_number" error: ValueError, Неверная длина номера карты.
2025-05-25 22:45:23 - masks - INFO - Stoped function: "get_mask_card_number".
2025-05-25 22:45:23 - masks - INFO - Executing function: "get_mask_account".
2025-05-25 22:45:23 - masks - INFO - Function: "get_mask_account" ok.
2025-05-25 22:45:23 - masks - INFO - Stoped function: "get_mask_account".
2025-05-25 22:45:23 - masks - INFO - Executing function: "get_mask_account".
2025-05-25 22:45:23 - masks - ERROR - Function: "get_mask_account" error: TypeError, Неверный тип данных.
2025-05-25 22:45:23 - masks - INFO - Stoped function: "get_mask_account".
2025-05-25 22:45:23 - masks - INFO - Executing function: "get_mask_account".
2025-05-25 22:45:23 - masks - ERROR - Function: "get_mask_account" error: TypeError, Неверный тип данных.
2025-05-25 22:45:23 - masks - INFO - Stoped function: "get_mask_account".
2025-05-25 22:45:23 - masks - INFO - Executing function: "get_mask_account".
2025-05-25 22:45:23 - masks - ERROR - Function: "get_mask_account" error: ValueError, Неверная длина номера счета.
2025-05-25 22:45:23 - masks - INFO - Stoped function: "get_mask_account".
2025-05-25 22:45:23 - masks - INFO - Executing function: "get_mask_account".
2025-05-25 22:45:23 - masks - ERROR - Function: "get_mask_account" error: ValueError, Неверная длина номера счета.
2025-05-25 22:45:23 - masks - INFO - Stoped function: "get_mask_account".
2025-05-25 22:45:23 - masks - INFO - Executing function: "get_mask_card_number".
2025-05-25 22:45:23 - masks - INFO - Function: "get_mask_card_number" ok.
2025-05-25 22:45:23 - masks - INFO - Stoped function: "get_mask_card_number".
2025-05-25 22:45:23 - masks - INFO - Executing function: "get_mask_account".
2025-05-25 22:45:23 - masks - INFO - Function: "get_mask_account" ok.
2025-05-25 22:45:23 - masks - INFO - Stoped function: "get_mask_account".
2025-05-25 22:45:38 - masks - INFO - Executing function: "get_mask_card_number".
2025-05-25 22:45:38 - masks - INFO - Function: "get_mask_card_number" ok.
2025-05-25 22:45:38 - masks - INFO - Stoped function: "get_mask_card_number".
2025-05-25 22:45:38 - masks - INFO - Executing function: "get_mask_card_number".
2025-05-25 22:45:38 - masks - ERROR - Function: "get_mask_card_number" error: TypeError, Неверный тип данных.
2025-05-25 22:45:38 - masks - INFO - Stoped function: "get_mask_card_number".
2025-05-25 22:45:38 - masks - INFO - Executing function: "get_mask_card_number".
2025-05-25 22:45:38 - masks - ERROR - Function: "get_mask_card_number" error: TypeError, Неверный тип данных.
2025-05-25 22:45:38 - masks - INFO - Stoped function: "get_mask_card_number".
2025-05-25 22:45:38 - masks - INFO - Executing function: "get_mask_card_number".
2025-05-25 22:45:38 - masks - ERROR - Function: "get_mask_card_number" error: ValueError, Неверная длина номера карты.
2025-05-25 22:45:38 - masks - INFO - Stoped function: "get_mask_card_number".
2025-05-25 22:45:38 - masks - INFO - Executing function: "get_mask_card_number".
2025-05-25 22:45:38 - masks - ERROR - Function: "get_mask_card_number" error: ValueError, Неверная длина номера карты.
2025-05-25 22:45:38 - masks - INFO - Stoped function: "get_mask_card_number".
2025-05-25 22:45:38 - masks - INFO - Executing function: "get_mask_account".
2025-05-25 22:45:38 - masks - INFO - Function: "get_mask_account" ok.
2025-05-25 22:45:38 - masks - INFO - Stoped function: "get_mask_account".
2025-05-25 22:45:38 - masks - INFO - Executing function: "get_mask_account".
2025-05-25 22:45:38 - masks - ERROR - Function: "get_mask_account" error: TypeError, Неверный тип данных.
2025-05-25 22:45:38 - masks - INFO - Stoped function: "get_mask_account".
2025-05-25 22:45:38 - masks - INFO - Executing function: "get_mask_account".
2025-05-25 22:45:38 - masks - ERROR - Function: "get_mask_account" error: TypeError, Неверный тип данных.
2025-05-25 22:45:38 - masks - INFO - Stoped function: "get_mask_account".
2025-05-25 22:45:38 - masks - INFO - Executing function: "get_mask_account".
2025-05-25 22:45:38 - masks - ERROR - Function: "get_mask_account" error: ValueError, Неверная длина номера счета.
2025-05-25 22:45:38 - masks - INFO - Stoped function: "get_mask_account".
2025-05-25 22:45:38 - masks - INFO - Executing function: "get_mask_account".
2025-05-25 22:45:38 - masks - ERROR - Function: "get_mask_account" error: ValueError, Неверная длина номера счета.
2025-05-25 22:45:38 - masks - INFO - Stoped function: "get_mask_account".
2025-05-25 22:45:38 - masks - INFO - Executing function: "get_mask_card_number".
2025-05-25 22:45:38 - masks - INFO - Function: "get_mask_card_number" ok.
2025-05-25 22:45:38 - masks - INFO - Stoped function: "get_mask_card_number".
2025-05-25 22:45:38 - masks - INFO - Executing function: "get_mask_account".
2025-05-25 22:45:38 - masks - INFO - Function: "get_mask_account" ok.
2025-05-25 22:45:38 - masks - INFO - Stoped function: "get_mask_account".
2025-05-25 23:01:13 - masks - INFO - Executing function: "get_mask_card_number".
2025-05-25 23:01:14 - masks - INFO - Function: "get_mask_card_number" ok.
2025-05-25 23:01:14 - masks - INFO - Stoped function: "get_mask_card_number".
2025-05-25 23:01:14 - masks - INFO - Executing function: "get_mask_card_number".
2025-05-25 23:01:14 - masks - ERROR - Function: "get_mask_card_number" error: TypeError, Неверный тип данных.
2025-05-25 23:01:14 - masks - INFO - Stoped function: "get_mask_card_number".
2025-05-25 23:01:14 - masks - INFO - Executing function: "get_mask_card_number".
2025-05-25 23:01:14 - masks - ERROR - Function: "get_mask_card_number" error: TypeError, Неверный тип данных.
2025-05-25 23:01:14 - masks - INFO - Stoped function: "get_mask_card_number".
2025-05-25 23:01:14 - masks - INFO - Executing function: "get_mask_card_number".
2025-05-25 23:01:14 - masks - ERROR - Function: "get_mask_card_number" error: ValueError, Неверная длина номера карты.
2025-05-25 23:01:14 - masks - INFO - Stoped function: "get_mask_card_number".
2025-05-25 23:01:14 - masks - INFO - Executing function: "get_mask_card_number".
2025-05-25 23:01:14 - masks - ERROR - Function: "get_mask_card_number" error: ValueError, Неверная длина номера карты.
2025-05-25 23:01:14 - masks - INFO - Stoped function: "get_mask_card_number".
2025-05-25 23:01:14 - masks - INFO - Executing function: "get_mask_account".
2025-05-25 23:01:14 - masks - INFO - Function: "get_mask_account" ok.
2025-05-25 23:01:14 - masks - INFO - Stoped function: "get_mask_account".
2025-05-25 23:01:14 - masks - INFO - Executing function: "get_mask_account".
2025-05-25 23:01:14 - masks - ERROR - Function: "get_mask_account" error: TypeError, Неверный тип данных.
2025-05-25 23:01:14 - masks - INFO - Stoped function: "get_mask_account".
2025-05-25 23:01:14 - masks - INFO - Executing function: "get_mask_account".
2025-05-25 23:01:14 - masks - ERROR - Function: "get_mask_account" error: TypeError, Неверный тип данных.
2025-05-25 23:01:14 - masks - INFO - Stoped function: "get_mask_account".
2025-05-25 23:01:14 - masks - INFO - Executing function: "get_mask_account".
2025-05-25 23:01:14 - masks - ERROR - Function: "get_mask_account" error: ValueError, Неверная длина номера счета.
2025-05-25 23:01:14 - masks - INFO - Stoped function: "get_mask_account".
2025-05-25 23:01:14 - masks - INFO - Executing function: "get_mask_account".
2025-05-25 23:01:14 - masks - ERROR - Function: "get_mask_account" error: ValueError, Неверная длина номера счета.
2025-05-25 23:01:14 - masks - INFO - Stoped function: "get_mask_account".
2025-05-25 23:01:14 - masks - INFO - Executing function: "get_mask_card_number".
2025-05-25 23:01:14 - masks - INFO - Function: "get_mask_card_number" ok.
2025-05-25 23:01:14 - masks - INFO - Stoped function: "get_mask_card_number".
2025-05-25 23:01:14 - masks - INFO - Executing function: "get_mask_account".
2025-05-25 23:01:14 - masks - INFO - Function: "get_mask_account" ok.
2025-05-25 23:01:14 - masks - INFO - Stoped function: "get_mask_account".
2025-05-25 23:12:55 - masks - INFO - Executing function: "get_mask_card_number".
2025-05-25 23:12:55 - masks - INFO - Function: "get_mask_card_number" ok.
2025-05-25 23:12:55 - masks - INFO - Stoped function: "get_mask_card_number".
2025-05-25 23:12:55 - masks - INFO - Executing function: "get_mask_account".
2025-05-25 23:12:55 - masks - INFO - Function: "get_mask_account" ok.
2025-05-25 23:12:55 - masks - INFO - Stoped function: "get_mask_account".
2025-05-25 23:12:55 - masks - INFO - Executing function: "get_mask_card_number".
2025-05-25 23:12:55 - masks - INFO - Function: "get_mask_card_number" ok.
2025-05-25 23:12:55 - masks - INFO - Stoped function: "get_mask_card_number".
2025-05-25 23:12:55 - masks - INFO - Executing function: "get_mask_account".
2025-05-25 23:12:55 - masks - INFO - Function: "get_mask_account" ok.
2025-05-25 23:12:55 - masks - INFO - Stoped function: "get_mask_account".
2025-05-25 23:12:55 - masks - INFO - Executing function: "get_mask_card_number".
2025-05-25 23:12:55 - masks - INFO - Function: "get_mask_card_number" ok.
2025-05-25 23:12:55 - masks - INFO - Stoped function: "get_mask_card_number".
2025-05-25 23:12:55 - masks - INFO - Executing function: "get_mask_card_number".
2025-05-25 23:12:55 - masks - INFO - Function: "get_mask_card_number" ok.
2025-05-25 23:12:55 - masks - INFO - Stoped function: "get_mask_card_number".
2025-05-25 23:12:55 - masks - INFO - Executing function: "get_mask_card_number".
2025-05-25 23:12:55 - masks - INFO - Function: "get_mask_card_number" ok.
2025-05-25 23:12:55 - masks - INFO - Stoped function: "get_mask_card_number".
2025-05-25 23:12:55 - masks - INFO - Executing function: "get_mask_account".
2025-05-25 23:12:55 - masks - INFO - Function: "get_mask_account" ok.
2025-05-25 23:12:55 - masks - INFO - Stoped function: "get_mask_account".
